<?xml version="1.0" encoding="UTF-8"?>
<testsuite name="EndangeredTest" tests="4" skipped="0" failures="0" errors="0" timestamp="2020-05-03T14:10:53" hostname="Alienware" time="0.004">
  <properties/>
  <testcase name="endangered_instantiates_correctly" classname="EndangeredTest" time="0.002"/>
  <testcase name="endangered_returnsCorrectHealth" classname="EndangeredTest" time="0.0"/>
  <testcase name="checkIfEndangered_returnsCorrectAge" classname="EndangeredTest" time="0.0"/>
  <testcase name="checkIfEndangered_returnsCorrectRanger" classname="EndangeredTest" time="0.0"/>
  <system-out><![CDATA[]]></system-out>
  <system-err><![CDATA[]]></system-err>
</testsuite>
